<?xml version="1.0" encoding="UTF-8"?>
<!-- Generated by org.testng.reporters.JUnitReportReporter -->
<testsuite hostname="homeasuslaptop" failures="0" tests="2" name="com.sdet.AppTest" time="0.023" errors="0" timestamp="2023-06-04T18:06:14 PDT" skipped="0">
  <testcase classname="com.sdet.AppTest" name="testlogin1" time="0.021"/>
  <system-out/>
  <testcase classname="com.sdet.AppTest" name="testlogin2" time="0.002"/>
  <system-out/>
</testsuite> <!-- com.sdet.AppTest -->
