<?xml version="1.0" encoding="UTF-8"?>
<!-- Generated by org.testng.reporters.JUnitReportReporter -->
<testsuite hostname="homeasuslaptop" failures="0" tests="1" name="com.sdet.loginTest" time="7.672" errors="0" timestamp="2023-06-04T18:05:49 PDT" skipped="0">
  <testcase classname="com.sdet.loginTest" name="login_Test" time="7.672"/>
  <system-out/>
</testsuite> <!-- com.sdet.loginTest -->
