<?xml version="1.0" encoding="UTF-8"?>
<!-- Generated by org.testng.reporters.JUnitReportReporter -->
<testsuite hostname="homeasuslaptop" failures="0" tests="1" name="com.sdet.GoogleTest" time="4.058" errors="0" timestamp="2023-06-04T23:59:21 PDT" skipped="0">
  <testcase classname="com.sdet.GoogleTest" name="loginTest" time="4.058"/>
  <system-out/>
</testsuite> <!-- com.sdet.GoogleTest -->
