<?xml version="1.0" encoding="UTF-8"?>
<!-- Generated by org.testng.reporters.JUnitReportReporter -->
<testsuite hostname="homeasuslaptop" failures="0" tests="1" name="com.sdet.loginTest" time="8.324" errors="0" timestamp="2023-06-03T23:56:38 PDT" skipped="0">
  <testcase classname="com.sdet.loginTest" name="login_Test" time="8.324"/>
  <system-out/>
</testsuite> <!-- com.sdet.loginTest -->
