<?xml version="1.0" encoding="UTF-8"?>
<!-- Generated by org.testng.reporters.JUnitReportReporter -->
<testsuite hostname="homeasuslaptop" failures="0" tests="1" name="com.sdet.GoogleTest" time="3.413" errors="0" timestamp="2023-06-05T00:02:10 PDT" skipped="0">
  <testcase classname="com.sdet.GoogleTest" name="loginTest" time="3.413"/>
  <system-out/>
</testsuite> <!-- com.sdet.GoogleTest -->
